<?xml version="1.0" encoding="UTF-8" ?>
<testsuite errors="0" failures="0" hostname="nb" name="unittest.ShapeTest" skipped="0" tests="3" time="0.042" timestamp="2017-09-26T02:29:07">
  <properties>
    <property name="env.DESKTOP_SESSION" value="ubuntu" />
    <property name="env.OLDPWD" value="/media/sd128/sdcard/prog/java" />
    <property name="file.encoding.pkg" value="sun.io" />
    <property name="java.home" value="/usr/lib/jvm/java-8-oracle/jre" />
    <property name="env.QT_LINUX_ACCESSIBILITY_ALWAYS_ON" value="1" />
    <property name="env.GDM_LANG" value="en_US" />
    <property name="env.DISPLAY" value=":0" />
    <property name="env.LS_COLORS" value="rs=0:di=01;34:ln=01;36:mh=00:pi=40;33:so=01;35:do=01;35:bd=40;33;01:cd=40;33;01:or=40;31;01:mi=00:su=37;41:sg=30;43:ca=30;41:tw=30;42:ow=34;42:st=37;44:ex=01;32:*.tar=01;31:*.tgz=01;31:*.arc=01;31:*.arj=01;31:*.taz=01;31:*.lha=01;31:*.lz4=01;31:*.lzh=01;31:*.lzma=01;31:*.tlz=01;31:*.txz=01;31:*.tzo=01;31:*.t7z=01;31:*.zip=01;31:*.z=01;31:*.Z=01;31:*.dz=01;31:*.gz=01;31:*.lrz=01;31:*.lz=01;31:*.lzo=01;31:*.xz=01;31:*.zst=01;31:*.tzst=01;31:*.bz2=01;31:*.bz=01;31:*.tbz=01;31:*.tbz2=01;31:*.tz=01;31:*.deb=01;31:*.rpm=01;31:*.jar=01;31:*.war=01;31:*.ear=01;31:*.sar=01;31:*.rar=01;31:*.alz=01;31:*.ace=01;31:*.zoo=01;31:*.cpio=01;31:*.7z=01;31:*.rz=01;31:*.cab=01;31:*.jpg=01;35:*.jpeg=01;35:*.mjpg=01;35:*.mjpeg=01;35:*.gif=01;35:*.bmp=01;35:*.pbm=01;35:*.pgm=01;35:*.ppm=01;35:*.tga=01;35:*.xbm=01;35:*.xpm=01;35:*.tif=01;35:*.tiff=01;35:*.png=01;35:*.svg=01;35:*.svgz=01;35:*.mng=01;35:*.pcx=01;35:*.mov=01;35:*.mpg=01;35:*.mpeg=01;35:*.m2v=01;35:*.mkv=01;35:*.webm=01;35:*.ogm=01;35:*.mp4=01;35:*.m4v=01;35:*.mp4v=01;35:*.vob=01;35:*.qt=01;35:*.nuv=01;35:*.wmv=01;35:*.asf=01;35:*.rm=01;35:*.rmvb=01;35:*.flc=01;35:*.avi=01;35:*.fli=01;35:*.flv=01;35:*.gl=01;35:*.dl=01;35:*.xcf=01;35:*.xwd=01;35:*.yuv=01;35:*.cgm=01;35:*.emf=01;35:*.ogv=01;35:*.ogx=01;35:*.aac=00;36:*.au=00;36:*.flac=00;36:*.m4a=00;36:*.mid=00;36:*.midi=00;36:*.mka=00;36:*.mp3=00;36:*.mpc=00;36:*.ogg=00;36:*.ra=00;36:*.wav=00;36:*.oga=00;36:*.opus=00;36:*.spx=00;36:*.xspf=00;36:" />
    <property name="env.XDG_GREETER_DATA_DIR" value="/var/lib/lightdm-data/johnny" />
    <property name="env.INVOCATION_ID" value="8985f83451fd4db9813ef762de51c203" />
    <property name="java.endorsed.dirs" value="/usr/lib/jvm/java-8-oracle/jre/lib/endorsed" />
    <property name="env.LOGNAME" value="johnny" />
    <property name="debuglevel" value="source,lines,vars" />
    <property name="env.LC_PAPER" value="en_US.UTF-8" />
    <property name="sun.os.patch.level" value="unknown" />
    <property name="java.vendor.url" value="http://java.oracle.com/" />
    <property name="env.XDG_SEAT_PATH" value="/org/freedesktop/DisplayManager/Seat0" />
    <property name="env.MANDATORY_PATH" value="/usr/share/gconf/ubuntu.mandatory.path" />
    <property name="java.version" value="1.8.0_144" />
    <property name="env.J2SDKDIR" value="/usr/lib/jvm/java-8-oracle" />
    <property name="java.vendor.url.bug" value="http://bugreport.sun.com/bugreport/" />
    <property name="env.LANGUAGE" value="en_US" />
    <property name="ant.project.invoked-targets" value="test" />
    <property name="env.XDG_DATA_DIRS" value="/usr/share/ubuntu:/usr/local/share/:/usr/share/:/var/lib/snapd/desktop" />
    <property name="user.name" value="johnny" />
    <property name="env.LANG" value="en_US.UTF-8" />
    <property name="env.MAKE_TERMOUT" value="/dev/pts/2" />
    <property name="env.LC_MONETARY" value="en_US.UTF-8" />
    <property name="sun.io.unicode.encoding" value="UnicodeLittle" />
    <property name="sun.jnu.encoding" value="UTF-8" />
    <property name="env.DBUS_SESSION_BUS_ADDRESS" value="unix:path=/run/user/1000/bus" />
    <property name="java.runtime.name" value="Java(TM) SE Runtime Environment" />
    <property name="env.LC_NAME" value="en_US.UTF-8" />
    <property name="java.specification.name" value="Java Platform API Specification" />
    <property name="user.timezone" value="" />
    <property name="env.LESSOPEN" value="| /usr/bin/lesspipe %s" />
    <property name="path.separator" value=":" />
    <property name="env._VIRTUALENVWRAPPER_API" value=" mkvirtualenv rmvirtualenv lsvirtualenv showvirtualenv workon add2virtualenv cdsitepackages cdvirtualenv lssitepackages toggleglobalsitepackages cpvirtualenv setvirtualenvproject mkproject cdproject mktmpenv" />
    <property name="env.XMODIFIERS" value="@im=ibus" />
    <property name="file.encoding" value="UTF-8" />
    <property name="ant.project.default-target" value="all" />
    <property name="env.HOME" value="/home/johnny" />
    <property name="sun.java.command" value="org.apache.tools.ant.taskdefs.optional.junit.JUnitTestRunner unittest.ShapeTest skipNonTests=false filtertrace=true haltOnError=false haltOnFailure=false formatter=org.apache.tools.ant.taskdefs.optional.junit.OutErrSummaryJUnitResultFormatter showoutput=false outputtoformatters=true logfailedtests=true threadid=0 logtestlistenerevents=false formatter=org.apache.tools.ant.taskdefs.optional.junit.XMLJUnitResultFormatter,/media/sd128/sdcard/prog/java/Demo/junit/TEST-unittest.ShapeTest.xml crashfile=/media/sd128/sdcard/prog/java/Demo/junitvmwatcher400041790435708808.properties propsfile=/media/sd128/sdcard/prog/java/Demo/junit7332401279216186751.properties" />
    <property name="env.VIRTUALENVWRAPPER_SCRIPT" value="/usr/share/virtualenvwrapper/virtualenvwrapper.sh" />
    <property name="ant.file" value="/media/sd128/sdcard/prog/java/Demo/build.xml" />
    <property name="env.LC_TELEPHONE" value="en_US.UTF-8" />
    <property name="env._" value="/usr/bin/make" />
    <property name="env.GTK2_MODULES" value="overlay-scrollbar" />
    <property name="java.io.tmpdir" value="/tmp" />
    <property name="env.LC_IDENTIFICATION" value="en_US.UTF-8" />
    <property name="user.language" value="zh" />
    <property name="env.GOROOT" value="/usr/local/go/" />
    <property name="line.separator" value="&#xa;" />
    <property name="target" value="1.8" />
    <property name="env.PT7HOME" value="/opt/pt" />
    <property name="env.JOURNAL_STREAM" value="8:33152" />
    <property name="ant.file.type" value="file" />
    <property name="env.SSH_AGENT_LAUNCHER" value="gnome-keyring" />
    <property name="env.J2REDIR" value="/usr/lib/jvm/java-8-oracle/jre" />
    <property name="env.CLUTTER_IM_MODULE" value="xim" />
    <property name="java.vm.info" value="mixed mode" />
    <property name="source" value="1.8" />
    <property name="sun.desktop" value="gnome" />
    <property name="java.vm.specification.name" value="Java Virtual Machine Specification" />
    <property name="env.COLORTERM" value="truecolor" />
    <property name="ant.file.Johnny" value="/media/sd128/sdcard/prog/java/Demo/build.xml" />
    <property name="env.LC_MEASUREMENT" value="en_US.UTF-8" />
    <property name="env.IM_CONFIG_PHASE" value="1" />
    <property name="env.LC_TIME" value="en_US.UTF-8" />
    <property name="env.GDMSESSION" value="ubuntu" />
    <property name="env.QT_ACCESSIBILITY" value="1" />
    <property name="env.LC_CTYPE" value="zh_TW.UTF-8" />
    <property name="env.XDG_SESSION_DESKTOP" value="ubuntu" />
    <property name="java.awt.printerjob" value="sun.print.PSPrinterJob" />
    <property name="env.VTE_VERSION" value="4402" />
    <property name="env.DEFAULTS_PATH" value="/usr/share/gconf/ubuntu.default.path" />
    <property name="ant.version" value="Apache Ant(TM) version 1.9.8 compiled on January 19 2017" />
    <property name="env.XDG_SESSION_TYPE" value="x11" />
    <property name="env.WINDOWID" value="60817414" />
    <property name="ant.file.type.Johnny" value="file" />
    <property name="env.COMPIZ_CONFIG_PROFILE" value="ubuntu" />
    <property name="env.XDG_SESSION_PATH" value="/org/freedesktop/DisplayManager/Session0" />
    <property name="env.MAKEFLAGS" value="" />
    <property name="env.MAKE_TERMERR" value="/dev/pts/2" />
    <property name="env.CLASSPATH" value=":/usr/share/java/mysql.jar" />
    <property name="os.name" value="Linux" />
    <property name="java.specification.vendor" value="Oracle Corporation" />
    <property name="env.TERM" value="xterm-256color" />
    <property name="java.vm.name" value="Java HotSpot(TM) 64-Bit Server VM" />
    <property name="env.QT_IM_MODULE" value="ibus" />
    <property name="java.library.path" value="/usr/java/packages/lib/amd64:/usr/lib64:/lib64:/lib:/usr/lib" />
    <property name="env.PATH" value="/media/sd128/sdcard/prog/nodejs/node_modules/.bin:/home/johnny/.cargo/bin:/home/johnny/.cargo/bin:/home/johnny/bin:/usr/local/sbin:/usr/local/bin:/usr/sbin:/usr/bin:/sbin:/bin:/usr/games:/usr/local/games:/snap/bin:/usr/lib/jvm/java-8-oracle/bin:/usr/lib/jvm/java-8-oracle/db/bin:/usr/lib/jvm/java-8-oracle/jre/bin:/home/johnny/010editor:/usr/local/go/bin:/bin:/home/johnny/010editor:/bin:/home/johnny/go/src/bin:/media/sdcard/prog/nodejs/bin/" />
    <property name="env.LESSCLOSE" value="/usr/bin/lesspipe %s %s" />
    <property name="ant.java.version" value="1.8" />
    <property name="basedir" value="/media/sd128/sdcard/prog/java/Demo" />
    <property name="java.class.version" value="52.0" />
    <property name="env.SHLVL" value="2" />
    <property name="ant.home" value="/usr/share/ant" />
    <property name="env.LC_MESSAGES" value="zh_TW.UTF-8" />
    <property name="sun.boot.library.path" value="/usr/lib/jvm/java-8-oracle/jre/lib/amd64" />
    <property name="sun.management.compiler" value="HotSpot 64-Bit Tiered Compilers" />
    <property name="java.awt.graphicsenv" value="sun.awt.X11GraphicsEnvironment" />
    <property name="env.GOPATH" value="/media/sdcard/prog/go" />
    <property name="env.USER" value="johnny" />
    <property name="env.GTK_IM_MODULE" value="ibus" />
    <property name="env.GTK_MODULES" value="gail:atk-bridge:unity-gtk-module" />
    <property name="ant.project.name" value="Johnny" />
    <property name="java.vm.specification.version" value="1.8" />
    <property name="env.NLSPATH" value="/usr/dt/lib/nls/msg/%L/%N.cat" />
    <property name="awt.toolkit" value="sun.awt.X11.XToolkit" />
    <property name="sun.cpu.isalist" value="" />
    <property name="env.COMPIZ_BIN_PATH" value="/usr/bin/" />
    <property name="java.ext.dirs" value="/usr/lib/jvm/java-8-oracle/jre/lib/ext:/usr/java/packages/lib/ext" />
    <property name="os.version" value="4.10.0-35-generic" />
    <property name="user.home" value="/home/johnny" />
    <property name="env.XDG_CURRENT_DESKTOP" value="Unity:Unity7" />
    <property name="java.vm.vendor" value="Oracle Corporation" />
    <property name="env.JAVA_HOME" value="/usr/lib/jvm/java-8-oracle" />
    <property name="junit.output.dir" value="junit" />
    <property name="env.XAUTHORITY" value="/home/johnny/.Xauthority" />
    <property name="user.dir" value="/media/sd128/sdcard/prog/java/Demo" />
    <property name="env.XFILESEARCHPATH" value="/usr/dt/app-defaults/%L/Dt" />
    <property name="env.PWD" value="/media/sd128/sdcard/prog/java/Demo" />
    <property name="env.MAKELEVEL" value="1" />
    <property name="sun.cpu.endian" value="little" />
    <property name="env.MFLAGS" value="" />
    <property name="java.vm.version" value="25.144-b01" />
    <property name="java.class.path" value="/media/sd128/sdcard/prog/java/Demo/bin:/home/johnny/.p2/pool/plugins/org.junit_4.12.0.v201504281640/junit.jar:/home/johnny/.p2/pool/plugins/org.hamcrest.core_1.3.0.v201303031735.jar:/usr/share/java/ant-launcher-1.9.8.jar:/usr/share/ant/lib/ant.jar:/usr/share/ant/lib/ant-junit.jar:/usr/share/ant/lib/ant-junit4.jar" />
    <property name="env.DERBY_HOME" value="/usr/lib/jvm/java-8-oracle/db" />
    <property name="ant.library.dir" value="/usr/share/ant/lib" />
    <property name="env.LC_ADDRESS" value="en_US.UTF-8" />
    <property name="os.arch" value="amd64" />
    <property name="env.LC_NUMERIC" value="en_US.UTF-8" />
    <property name="sun.java.launcher" value="SUN_STANDARD" />
    <property name="ant.core.lib" value="/usr/share/ant/lib/ant.jar" />
    <property name="java.vm.specification.vendor" value="Oracle Corporation" />
    <property name="file.separator" value="/" />
    <property name="env.PAPERSIZE" value="letter" />
    <property name="env.MANAGERPID" value="1663" />
    <property name="java.runtime.version" value="1.8.0_144-b01" />
    <property name="env.SSH_AUTH_SOCK" value="/run/user/1000/keyring/ssh" />
    <property name="sun.boot.class.path" value="/usr/lib/jvm/java-8-oracle/jre/lib/resources.jar:/usr/lib/jvm/java-8-oracle/jre/lib/rt.jar:/usr/lib/jvm/java-8-oracle/jre/lib/sunrsasign.jar:/usr/lib/jvm/java-8-oracle/jre/lib/jsse.jar:/usr/lib/jvm/java-8-oracle/jre/lib/jce.jar:/usr/lib/jvm/java-8-oracle/jre/lib/charsets.jar:/usr/lib/jvm/java-8-oracle/jre/lib/jfr.jar:/usr/lib/jvm/java-8-oracle/jre/classes" />
    <property name="env.QT4_IM_MODULE" value="xim" />
    <property name="env.XDG_RUNTIME_DIR" value="/run/user/1000" />
    <property name="env.XDG_CONFIG_DIRS" value="/etc/xdg/xdg-ubuntu:/etc/xdg" />
    <property name="user.country" value="TW" />
    <property name="env.SHELL" value="/bin/bash" />
    <property name="env.NODE_PATH" value="/media/sdcard/prog/nodejs/node_modules" />
    <property name="java.vendor" value="Oracle Corporation" />
    <property name="env.GPG_AGENT_INFO" value="/home/johnny/.gnupg/S.gpg-agent:0:1:" />
    <property name="env.QT_DEVICE_PIXEL_RATIO" value="auto" />
    <property name="java.specification.version" value="1.8" />
    <property name="sun.arch.data.model" value="64" />
    <property name="env.GNOME_DESKTOP_SESSION_ID" value="this-is-deprecated" />
  </properties>
  <testcase classname="unittest.ShapeTest" name="testCylinder" time="0.002" />
  <testcase classname="unittest.ShapeTest" name="testCircle" time="0.001" />
  <testcase classname="unittest.ShapeTest" name="testRectangle" time="0.001" />
  <system-out><![CDATA[Summary: Cylinder Area 745538510.176768, Volume 410754880033.939900
Summary: Circle Area 332864570.529935, Volume 0.000000
Summary: Rectangle Area 12702055.600000, Volume 0.000000
Summary: Rectangle Area 10000.000000, Volume 0.000000
]]></system-out>
  <system-err><![CDATA[]]></system-err>
</testsuite>
